[2025-03-19 20:52:32] local.ERROR: No application encryption key has been specified. {"exception":"[object] (Illuminate\\Encryption\\MissingAppKeyException(code: 0): No application encryption key has been specified. at C:\\Users\\nicub\\Desktop\\COURS\\PA2\\PA2\\packages\\backend\\vendor\\laravel\\framework\\src\\Illuminate\\Encryption\\EncryptionServiceProvider.php:83)
[stacktrace]
#0 C:\\Users\\nicub\\Desktop\\COURS\\PA2\\PA2\\packages\\backend\\vendor\\laravel\\framework\\src\\Illuminate\\Support\\helpers.php(399): Illuminate\\Encryption\\EncryptionServiceProvider->Illuminate\\Encryption\\{closure}()
#1 C:\\Users\\nicub\\Desktop\\COURS\\PA2\\PA2\\packages\\backend\\vendor\\laravel\\framework\\src\\Illuminate\\Encryption\\EncryptionServiceProvider.php(81): tap()
#2 C:\\Users\\nicub\\Desktop\\COURS\\PA2\\PA2\\packages\\backend\\vendor\\laravel\\framework\\src\\Illuminate\\Encryption\\EncryptionServiceProvider.php(64): Illuminate\\Encryption\\EncryptionServiceProvider->key()
#3 C:\\Users\\nicub\\Desktop\\COURS\\PA2\\PA2\\packages\\backend\\vendor\\laravel\\framework\\src\\Illuminate\\Encryption\\EncryptionServiceProvider.php(32): Illuminate\\Encryption\\EncryptionServiceProvider->parseKey()
#4 C:\\Users\\nicub\\Desktop\\COURS\\PA2\\PA2\\packages\\backend\\vendor\\laravel\\framework\\src\\Illuminate\\Container\\Container.php(1010): Illuminate\\Encryption\\EncryptionServiceProvider->Illuminate\\Encryption\\{closure}()
#5 C:\\Users\\nicub\\Desktop\\COURS\\PA2\\PA2\\packages\\backend\\vendor\\laravel\\framework\\src\\Illuminate\\Container\\Container.php(890): Illuminate\\Container\\Container->build()
#6 C:\\Users\\nicub\\Desktop\\COURS\\PA2\\PA2\\packages\\backend\\vendor\\laravel\\framework\\src\\Illuminate\\Foundation\\Application.php(1078): Illuminate\\Container\\Container->resolve()
#7 C:\\Users\\nicub\\Desktop\\COURS\\PA2\\PA2\\packages\\backend\\vendor\\laravel\\framework\\src\\Illuminate\\Container\\Container.php(821): Illuminate\\Foundation\\Application->resolve()
#8 C:\\Users\\nicub\\Desktop\\COURS\\PA2\\PA2\\packages\\backend\\vendor\\laravel\\framework\\src\\Illuminate\\Foundation\\Application.php(1058): Illuminate\\Container\\Container->make()
#9 C:\\Users\\nicub\\Desktop\\COURS\\PA2\\PA2\\packages\\backend\\vendor\\laravel\\framework\\src\\Illuminate\\Container\\Container.php(1194): Illuminate\\Foundation\\Application->make()
#10 C:\\Users\\nicub\\Desktop\\COURS\\PA2\\PA2\\packages\\backend\\vendor\\laravel\\framework\\src\\Illuminate\\Container\\Container.php(1101): Illuminate\\Container\\Container->resolveClass()
#11 C:\\Users\\nicub\\Desktop\\COURS\\PA2\\PA2\\packages\\backend\\vendor\\laravel\\framework\\src\\Illuminate\\Container\\Container.php(1052): Illuminate\\Container\\Container->resolveDependencies()
#12 C:\\Users\\nicub\\Desktop\\COURS\\PA2\\PA2\\packages\\backend\\vendor\\laravel\\framework\\src\\Illuminate\\Container\\Container.php(890): Illuminate\\Container\\Container->build()
#13 C:\\Users\\nicub\\Desktop\\COURS\\PA2\\PA2\\packages\\backend\\vendor\\laravel\\framework\\src\\Illuminate\\Foundation\\Application.php(1078): Illuminate\\Container\\Container->resolve()
#14 C:\\Users\\nicub\\Desktop\\COURS\\PA2\\PA2\\packages\\backend\\vendor\\laravel\\framework\\src\\Illuminate\\Container\\Container.php(821): Illuminate\\Foundation\\Application->resolve()
#15 C:\\Users\\nicub\\Desktop\\COURS\\PA2\\PA2\\packages\\backend\\vendor\\laravel\\framework\\src\\Illuminate\\Foundation\\Application.php(1058): Illuminate\\Container\\Container->make()
#16 C:\\Users\\nicub\\Desktop\\COURS\\PA2\\PA2\\packages\\backend\\vendor\\laravel\\framework\\src\\Illuminate\\Pipeline\\Pipeline.php(198): Illuminate\\Foundation\\Application->make()
#17 C:\\Users\\nicub\\Desktop\\COURS\\PA2\\PA2\\packages\\backend\\vendor\\laravel\\framework\\src\\Illuminate\\Pipeline\\Pipeline.php(127): Illuminate\\Pipeline\\Pipeline->Illuminate\\Pipeline\\{closure}()
#18 C:\\Users\\nicub\\Desktop\\COURS\\PA2\\PA2\\packages\\backend\\vendor\\laravel\\framework\\src\\Illuminate\\Routing\\Router.php(808): Illuminate\\Pipeline\\Pipeline->then()
#19 C:\\Users\\nicub\\Desktop\\COURS\\PA2\\PA2\\packages\\backend\\vendor\\laravel\\framework\\src\\Illuminate\\Routing\\Router.php(787): Illuminate\\Routing\\Router->runRouteWithinStack()
#20 C:\\Users\\nicub\\Desktop\\COURS\\PA2\\PA2\\packages\\backend\\vendor\\laravel\\framework\\src\\Illuminate\\Routing\\Router.php(751): Illuminate\\Routing\\Router->runRoute()
#21 C:\\Users\\nicub\\Desktop\\COURS\\PA2\\PA2\\packages\\backend\\vendor\\laravel\\framework\\src\\Illuminate\\Routing\\Router.php(740): Illuminate\\Routing\\Router->dispatchToRoute()
#22 C:\\Users\\nicub\\Desktop\\COURS\\PA2\\PA2\\packages\\backend\\vendor\\laravel\\framework\\src\\Illuminate\\Foundation\\Http\\Kernel.php(201): Illuminate\\Routing\\Router->dispatch()
#23 C:\\Users\\nicub\\Desktop\\COURS\\PA2\\PA2\\packages\\backend\\vendor\\laravel\\framework\\src\\Illuminate\\Pipeline\\Pipeline.php(170): Illuminate\\Foundation\\Http\\Kernel->Illuminate\\Foundation\\Http\\{closure}()
#24 C:\\Users\\nicub\\Desktop\\COURS\\PA2\\PA2\\packages\\backend\\vendor\\laravel\\framework\\src\\Illuminate\\Foundation\\Http\\Middleware\\TransformsRequest.php(21): Illuminate\\Pipeline\\Pipeline->Illuminate\\Pipeline\\{closure}()
#25 C:\\Users\\nicub\\Desktop\\COURS\\PA2\\PA2\\packages\\backend\\vendor\\laravel\\framework\\src\\Illuminate\\Foundation\\Http\\Middleware\\ConvertEmptyStringsToNull.php(31): Illuminate\\Foundation\\Http\\Middleware\\TransformsRequest->handle()
#26 C:\\Users\\nicub\\Desktop\\COURS\\PA2\\PA2\\packages\\backend\\vendor\\laravel\\framework\\src\\Illuminate\\Pipeline\\Pipeline.php(209): Illuminate\\Foundation\\Http\\Middleware\\ConvertEmptyStringsToNull->handle()
#27 C:\\Users\\nicub\\Desktop\\COURS\\PA2\\PA2\\packages\\backend\\vendor\\laravel\\framework\\src\\Illuminate\\Foundation\\Http\\Middleware\\TransformsRequest.php(21): Illuminate\\Pipeline\\Pipeline->Illuminate\\Pipeline\\{closure}()
#28 C:\\Users\\nicub\\Desktop\\COURS\\PA2\\PA2\\packages\\backend\\vendor\\laravel\\framework\\src\\Illuminate\\Foundation\\Http\\Middleware\\TrimStrings.php(51): Illuminate\\Foundation\\Http\\Middleware\\TransformsRequest->handle()
#29 C:\\Users\\nicub\\Desktop\\COURS\\PA2\\PA2\\packages\\backend\\vendor\\laravel\\framework\\src\\Illuminate\\Pipeline\\Pipeline.php(209): Illuminate\\Foundation\\Http\\Middleware\\TrimStrings->handle()
#30 C:\\Users\\nicub\\Desktop\\COURS\\PA2\\PA2\\packages\\backend\\vendor\\laravel\\framework\\src\\Illuminate\\Http\\Middleware\\ValidatePostSize.php(27): Illuminate\\Pipeline\\Pipeline->Illuminate\\Pipeline\\{closure}()
#31 C:\\Users\\nicub\\Desktop\\COURS\\PA2\\PA2\\packages\\backend\\vendor\\laravel\\framework\\src\\Illuminate\\Pipeline\\Pipeline.php(209): Illuminate\\Http\\Middleware\\ValidatePostSize->handle()
#32 C:\\Users\\nicub\\Desktop\\COURS\\PA2\\PA2\\packages\\backend\\vendor\\laravel\\framework\\src\\Illuminate\\Foundation\\Http\\Middleware\\PreventRequestsDuringMaintenance.php(110): Illuminate\\Pipeline\\Pipeline->Illuminate\\Pipeline\\{closure}()
#33 C:\\Users\\nicub\\Desktop\\COURS\\PA2\\PA2\\packages\\backend\\vendor\\laravel\\framework\\src\\Illuminate\\Pipeline\\Pipeline.php(209): Illuminate\\Foundation\\Http\\Middleware\\PreventRequestsDuringMaintenance->handle()
#34 C:\\Users\\nicub\\Desktop\\COURS\\PA2\\PA2\\packages\\backend\\vendor\\laravel\\framework\\src\\Illuminate\\Http\\Middleware\\HandleCors.php(49): Illuminate\\Pipeline\\Pipeline->Illuminate\\Pipeline\\{closure}()
#35 C:\\Users\\nicub\\Desktop\\COURS\\PA2\\PA2\\packages\\backend\\vendor\\laravel\\framework\\src\\Illuminate\\Pipeline\\Pipeline.php(209): Illuminate\\Http\\Middleware\\HandleCors->handle()
#36 C:\\Users\\nicub\\Desktop\\COURS\\PA2\\PA2\\packages\\backend\\vendor\\laravel\\framework\\src\\Illuminate\\Http\\Middleware\\TrustProxies.php(58): Illuminate\\Pipeline\\Pipeline->Illuminate\\Pipeline\\{closure}()
#37 C:\\Users\\nicub\\Desktop\\COURS\\PA2\\PA2\\packages\\backend\\vendor\\laravel\\framework\\src\\Illuminate\\Pipeline\\Pipeline.php(209): Illuminate\\Http\\Middleware\\TrustProxies->handle()
#38 C:\\Users\\nicub\\Desktop\\COURS\\PA2\\PA2\\packages\\backend\\vendor\\laravel\\framework\\src\\Illuminate\\Foundation\\Http\\Middleware\\InvokeDeferredCallbacks.php(22): Illuminate\\Pipeline\\Pipeline->Illuminate\\Pipeline\\{closure}()
#39 C:\\Users\\nicub\\Desktop\\COURS\\PA2\\PA2\\packages\\backend\\vendor\\laravel\\framework\\src\\Illuminate\\Pipeline\\Pipeline.php(209): Illuminate\\Foundation\\Http\\Middleware\\InvokeDeferredCallbacks->handle()
#40 C:\\Users\\nicub\\Desktop\\COURS\\PA2\\PA2\\packages\\backend\\vendor\\laravel\\framework\\src\\Illuminate\\Http\\Middleware\\ValidatePathEncoding.php(26): Illuminate\\Pipeline\\Pipeline->Illuminate\\Pipeline\\{closure}()
#41 C:\\Users\\nicub\\Desktop\\COURS\\PA2\\PA2\\packages\\backend\\vendor\\laravel\\framework\\src\\Illuminate\\Pipeline\\Pipeline.php(209): Illuminate\\Http\\Middleware\\ValidatePathEncoding->handle()
#42 C:\\Users\\nicub\\Desktop\\COURS\\PA2\\PA2\\packages\\backend\\vendor\\laravel\\framework\\src\\Illuminate\\Pipeline\\Pipeline.php(127): Illuminate\\Pipeline\\Pipeline->Illuminate\\Pipeline\\{closure}()
#43 C:\\Users\\nicub\\Desktop\\COURS\\PA2\\PA2\\packages\\backend\\vendor\\laravel\\framework\\src\\Illuminate\\Foundation\\Http\\Kernel.php(176): Illuminate\\Pipeline\\Pipeline->then()
#44 C:\\Users\\nicub\\Desktop\\COURS\\PA2\\PA2\\packages\\backend\\vendor\\laravel\\framework\\src\\Illuminate\\Foundation\\Http\\Kernel.php(145): Illuminate\\Foundation\\Http\\Kernel->sendRequestThroughRouter()
#45 C:\\Users\\nicub\\Desktop\\COURS\\PA2\\PA2\\packages\\backend\\vendor\\laravel\\framework\\src\\Illuminate\\Foundation\\Application.php(1220): Illuminate\\Foundation\\Http\\Kernel->handle()
#46 C:\\Users\\nicub\\Desktop\\COURS\\PA2\\PA2\\packages\\backend\\public\\index.php(20): Illuminate\\Foundation\\Application->handleRequest()
#47 C:\\Users\\nicub\\Desktop\\COURS\\PA2\\PA2\\packages\\backend\\vendor\\laravel\\framework\\src\\Illuminate\\Foundation\\resources\\server.php(23): require_once('...')
#48 {main}
"} 
[2025-03-19 20:52:35] local.ERROR: No application encryption key has been specified. {"exception":"[object] (Illuminate\\Encryption\\MissingAppKeyException(code: 0): No application encryption key has been specified. at C:\\Users\\nicub\\Desktop\\COURS\\PA2\\PA2\\packages\\backend\\vendor\\laravel\\framework\\src\\Illuminate\\Encryption\\EncryptionServiceProvider.php:83)
[stacktrace]
#0 C:\\Users\\nicub\\Desktop\\COURS\\PA2\\PA2\\packages\\backend\\vendor\\laravel\\framework\\src\\Illuminate\\Support\\helpers.php(399): Illuminate\\Encryption\\EncryptionServiceProvider->Illuminate\\Encryption\\{closure}()
#1 C:\\Users\\nicub\\Desktop\\COURS\\PA2\\PA2\\packages\\backend\\vendor\\laravel\\framework\\src\\Illuminate\\Encryption\\EncryptionServiceProvider.php(81): tap()
#2 C:\\Users\\nicub\\Desktop\\COURS\\PA2\\PA2\\packages\\backend\\vendor\\laravel\\framework\\src\\Illuminate\\Encryption\\EncryptionServiceProvider.php(64): Illuminate\\Encryption\\EncryptionServiceProvider->key()
#3 C:\\Users\\nicub\\Desktop\\COURS\\PA2\\PA2\\packages\\backend\\vendor\\laravel\\framework\\src\\Illuminate\\Encryption\\EncryptionServiceProvider.php(32): Illuminate\\Encryption\\EncryptionServiceProvider->parseKey()
#4 C:\\Users\\nicub\\Desktop\\COURS\\PA2\\PA2\\packages\\backend\\vendor\\laravel\\framework\\src\\Illuminate\\Container\\Container.php(1010): Illuminate\\Encryption\\EncryptionServiceProvider->Illuminate\\Encryption\\{closure}()
#5 C:\\Users\\nicub\\Desktop\\COURS\\PA2\\PA2\\packages\\backend\\vendor\\laravel\\framework\\src\\Illuminate\\Container\\Container.php(890): Illuminate\\Container\\Container->build()
#6 C:\\Users\\nicub\\Desktop\\COURS\\PA2\\PA2\\packages\\backend\\vendor\\laravel\\framework\\src\\Illuminate\\Foundation\\Application.php(1078): Illuminate\\Container\\Container->resolve()
#7 C:\\Users\\nicub\\Desktop\\COURS\\PA2\\PA2\\packages\\backend\\vendor\\laravel\\framework\\src\\Illuminate\\Container\\Container.php(821): Illuminate\\Foundation\\Application->resolve()
#8 C:\\Users\\nicub\\Desktop\\COURS\\PA2\\PA2\\packages\\backend\\vendor\\laravel\\framework\\src\\Illuminate\\Foundation\\Application.php(1058): Illuminate\\Container\\Container->make()
#9 C:\\Users\\nicub\\Desktop\\COURS\\PA2\\PA2\\packages\\backend\\vendor\\laravel\\framework\\src\\Illuminate\\Container\\Container.php(1194): Illuminate\\Foundation\\Application->make()
#10 C:\\Users\\nicub\\Desktop\\COURS\\PA2\\PA2\\packages\\backend\\vendor\\laravel\\framework\\src\\Illuminate\\Container\\Container.php(1101): Illuminate\\Container\\Container->resolveClass()
#11 C:\\Users\\nicub\\Desktop\\COURS\\PA2\\PA2\\packages\\backend\\vendor\\laravel\\framework\\src\\Illuminate\\Container\\Container.php(1052): Illuminate\\Container\\Container->resolveDependencies()
#12 C:\\Users\\nicub\\Desktop\\COURS\\PA2\\PA2\\packages\\backend\\vendor\\laravel\\framework\\src\\Illuminate\\Container\\Container.php(890): Illuminate\\Container\\Container->build()
#13 C:\\Users\\nicub\\Desktop\\COURS\\PA2\\PA2\\packages\\backend\\vendor\\laravel\\framework\\src\\Illuminate\\Foundation\\Application.php(1078): Illuminate\\Container\\Container->resolve()
#14 C:\\Users\\nicub\\Desktop\\COURS\\PA2\\PA2\\packages\\backend\\vendor\\laravel\\framework\\src\\Illuminate\\Container\\Container.php(821): Illuminate\\Foundation\\Application->resolve()
#15 C:\\Users\\nicub\\Desktop\\COURS\\PA2\\PA2\\packages\\backend\\vendor\\laravel\\framework\\src\\Illuminate\\Foundation\\Application.php(1058): Illuminate\\Container\\Container->make()
#16 C:\\Users\\nicub\\Desktop\\COURS\\PA2\\PA2\\packages\\backend\\vendor\\laravel\\framework\\src\\Illuminate\\Foundation\\Http\\Kernel.php(258): Illuminate\\Foundation\\Application->make()
#17 C:\\Users\\nicub\\Desktop\\COURS\\PA2\\PA2\\packages\\backend\\vendor\\laravel\\framework\\src\\Illuminate\\Foundation\\Http\\Kernel.php(216): Illuminate\\Foundation\\Http\\Kernel->terminateMiddleware()
#18 C:\\Users\\nicub\\Desktop\\COURS\\PA2\\PA2\\packages\\backend\\vendor\\laravel\\framework\\src\\Illuminate\\Foundation\\Application.php(1222): Illuminate\\Foundation\\Http\\Kernel->terminate()
#19 C:\\Users\\nicub\\Desktop\\COURS\\PA2\\PA2\\packages\\backend\\public\\index.php(20): Illuminate\\Foundation\\Application->handleRequest()
#20 C:\\Users\\nicub\\Desktop\\COURS\\PA2\\PA2\\packages\\backend\\vendor\\laravel\\framework\\src\\Illuminate\\Foundation\\resources\\server.php(23): require_once('...')
#21 {main}
"} 
